TN:
SF:packages/conexy/src/registry/event-registry.ts
FN:8,<instance_members_initializer>
FN:11,dynamicImport
FN:15,register
FN:43,getAll
FNF:4
FNH:3
FNDA:1,<instance_members_initializer>
FNDA:0,dynamicImport
FNDA:1,register
FNDA:1,getAll
DA:1,1
DA:2,1
DA:3,1
DA:4,1
DA:5,1
DA:6,1
DA:7,1
DA:8,1
DA:9,1
DA:10,1
DA:11,1
DA:12,0
DA:13,0
DA:14,1
DA:15,1
DA:16,1
DA:17,1
DA:18,1
DA:19,1
DA:20,2
DA:21,2
DA:22,2
DA:23,2
DA:24,2
DA:25,2
DA:26,2
DA:27,3
DA:28,3
DA:29,3
DA:30,0
DA:31,0
DA:32,3
DA:33,3
DA:34,3
DA:35,2
DA:36,2
DA:37,2
DA:38,2
DA:39,2
DA:40,2
DA:41,1
DA:42,1
DA:43,1
DA:44,1
DA:45,1
DA:46,1
LF:46
LH:42
BRDA:8,0,0,1
BRDA:15,1,0,1
BRDA:19,2,0,2
BRDA:26,3,0,3
BRDA:29,4,0,0
BRDA:43,5,0,1
BRF:6
BRH:5
end_of_record
TN:
SF:packages/conexy/src/utils/files-system.ts
FN:13,<instance_members_initializer>
FN:16,FilesSystem
FN:21,read
FN:25,readDir
FNF:4
FNH:4
FNDA:4,<instance_members_initializer>
FNDA:4,FilesSystem
FNDA:4,read
FNDA:5,readDir
DA:1,1
DA:2,1
DA:3,1
DA:4,1
DA:5,1
DA:6,1
DA:7,1
DA:8,1
DA:9,1
DA:10,1
DA:11,1
DA:12,1
DA:13,1
DA:14,4
DA:15,4
DA:16,4
DA:17,4
DA:18,4
DA:19,4
DA:20,4
DA:21,4
DA:22,4
DA:23,4
DA:24,4
DA:25,4
DA:26,5
DA:27,5
DA:28,5
DA:29,5
DA:30,8
DA:31,8
DA:32,8
DA:33,4
DA:34,3
DA:35,3
DA:36,3
DA:37,3
DA:38,3
DA:39,3
DA:40,3
DA:41,3
DA:42,4
DA:43,4
DA:44,1
DA:45,1
DA:46,4
DA:47,8
DA:48,8
DA:49,4
DA:50,4
DA:51,4
DA:52,4
DA:53,4
DA:54,4
DA:55,4
DA:56,4
DA:57,8
DA:58,5
DA:59,5
DA:60,5
DA:61,4
LF:61
LH:61
BRDA:13,0,0,4
BRDA:16,1,0,4
BRDA:17,2,0,0
BRDA:21,3,0,4
BRDA:25,4,0,5
BRDA:29,5,0,8
BRDA:32,6,0,4
BRDA:33,7,0,2
BRDA:33,8,0,3
BRDA:43,9,0,1
BRDA:48,10,0,4
BRDA:48,11,0,1
BRDA:48,12,0,4
BRF:13
BRH:12
end_of_record
